[2026-06-26 22:29:32] [UNOFFICIAL] [OK] deb https://termux.samcze.pl/termux/apt/termux-main stable main
[2026-06-26 22:29:32] [UNOFFICIAL] [OK] deb https://termux.samcze.pl/termux/apt/termux-root root stable
[2026-06-26 22:29:32] [UNOFFICIAL] [OK] deb https://termux.samcze.pl/termux/apt/termux-x11 x11 main
[2026-06-26 22:29:32] [UNOFFICIAL] [FAIL] deb http://mirror.yandex.ru/mirrors/termux-root root stable
[2026-06-26 22:29:32] [UNOFFICIAL] [FAIL] deb http://mirror.yandex.ru/mirrors/termux-x11 x11 main
[2026-06-26 22:29:32] [UNOFFICIAL] [FAIL] deb http://mirror.yandex.ru/mirrors/termux stable main
[2026-06-26 22:29:32] [UNOFFICIAL] [OK] deb https://cdn.lumito.net/termux/termux-main stable main
[2026-06-26 22:29:32] [UNOFFICIAL] [OK] deb https://cdn.lumito.net/termux/termux-root root stable
[2026-06-26 22:29:32] [UNOFFICIAL] [OK] deb https://cdn.lumito.net/termux/termux-x11 x11 main
[2026-06-26 22:29:32] [UNOFFICIAL] [FAIL] deb https://mirror.aarnet.edu.au/pub/termux-root root stable
[2026-06-26 22:29:32] [UNOFFICIAL] [FAIL] deb https://mirror.aarnet.edu.au/pub/termux-x11 x11 main
[2026-06-26 22:29:32] [UNOFFICIAL] [FAIL] deb https://mirror.aarnet.edu.au/pub/termux stable main
[2026-06-26 22:29:32] [UNOFFICIAL] [FAIL] deb https://mirror.albony.xyz/termux/termux-main stable main
[2026-06-26 22:29:32] [UNOFFICIAL] [FAIL] deb https://mirror.albony.xyz/termux/termux-root root stable
[2026-06-26 22:29:32] [UNOFFICIAL] [FAIL] deb https://mirror.albony.xyz/termux/termux-x11 x11 main
[2026-06-26 22:29:32] [UNOFFICIAL] [FAIL] deb https://mirror.nevacloud.com/applications/termux/root root stable
[2026-06-26 22:29:32] [UNOFFICIAL] [FAIL] deb https://mirror.nevacloud.com/applications/termux/x11 x11 main
[2026-06-26 22:29:32] [UNOFFICIAL] [OK] deb https://mirror.nju.edu.cn/termux/apt/termux-main stable main
[2026-06-26 22:29:32] [UNOFFICIAL] [OK] deb https://mirror.nju.edu.cn/termux/apt/termux-root root stable
[2026-06-26 22:29:32] [UNOFFICIAL] [OK] deb https://mirror.nju.edu.cn/termux/apt/termux-x11 x11 main
[2026-06-26 22:29:32] [UNOFFICIAL] [FAIL] deb https://mirror.polido.pt/termux/termux-main stable main
[2026-06-26 22:29:32] [UNOFFICIAL] [FAIL] deb https://mirror.polido.pt/termux/termux-root root stable
[2026-06-26 22:29:32] [UNOFFICIAL] [FAIL] deb https://mirror.polido.pt/termux/termux-x11 x11 main
[2026-06-26 22:29:32] [UNOFFICIAL] [FAIL] deb https://mirror.sng.sg/termux-root root stable
[2026-06-26 22:29:32] [UNOFFICIAL] [FAIL] deb https://mirror.sng.sg/termux-x11 x11 main
[2026-06-26 22:29:32] [UNOFFICIAL] [FAIL] deb https://mirror.sng.sg/termux stable main
[2026-06-26 22:29:32] [UNOFFICIAL] [FAIL] deb https://mirror.textcord.xyz/termux/termux-main stable main
[2026-06-26 22:29:32] [UNOFFICIAL] [FAIL] deb https://mirror.textcord.xyz/termux/termux-root root stable
[2026-06-26 22:29:32] [UNOFFICIAL] [FAIL] deb https://mirror.textcord.xyz/termux/termux-x11 x11 main
[2026-06-26 22:29:32] [UNOFFICIAL] [FAIL] deb https://mirrors.cfe.re/termux/termux-main stable main
[2026-06-26 22:29:32] [UNOFFICIAL] [FAIL] deb https://mirrors.cfe.re/termux/termux-root root stable
[2026-06-26 22:29:32] [UNOFFICIAL] [FAIL] deb https://mirrors.cfe.re/termux/termux-x11 x11 main
[2026-06-26 22:29:32] [UNOFFICIAL] [FAIL] deb https://mirrors.rda.run/termux/termux-main stable main
[2026-06-26 22:29:32] [UNOFFICIAL] [FAIL] deb https://mirrors.rda.run/termux/termux-root root stable
[2026-06-26 22:29:32] [UNOFFICIAL] [FAIL] deb https://mirrors.rda.run/termux/termux-x11 x11 main
[2026-06-26 22:29:32] [UNOFFICIAL] [FAIL] deb https://mirrors.saswata.xyz/termux/termux-main stable main
[2026-06-26 22:29:32] [UNOFFICIAL] [FAIL] deb https://mirrors.saswata.xyz/termux/termux-root root stable
[2026-06-26 22:29:32] [UNOFFICIAL] [FAIL] deb https://mirrors.saswata.xyz/termux/termux-x11 x11 main
[2026-06-26 22:29:32] [UNOFFICIAL] [FAIL] deb https://mirrors.wale.id.au/termux/termux-main stable main
[2026-06-26 22:29:32] [UNOFFICIAL] [FAIL] deb https://mirrors.wale.id.au/termux/termux-root root stable
[2026-06-26 22:29:32] [UNOFFICIAL] [FAIL] deb https://mirrors.wale.id.au/termux/termux-x11 x11 main
[2026-06-26 22:29:32] [UNOFFICIAL] [FAIL] deb https://packages.nscdn.top/termux-main stable main
[2026-06-26 22:29:32] [UNOFFICIAL] [FAIL] deb https://packages.nscdn.top/termux-root root stable
[2026-06-26 22:29:32] [UNOFFICIAL] [FAIL] deb https://packages.nscdn.top/termux-x11 x11 main
[2026-06-26 22:29:32] [UNOFFICIAL] [FAIL] deb https://termux.cloudflaremirrors.com/termux-packages-24 stable main
[2026-06-26 22:29:32] [UNOFFICIAL] [FAIL] deb https://termux.cloudflaremirrors.com/termux-root-24 root stable
[2026-06-26 22:29:32] [UNOFFICIAL] [FAIL] deb https://termux.cloudflaremirrors.com/termux-x11-24 x11 main
[2026-06-26 22:29:32] [UNOFFICIAL] [FAIL] deb https://termux.mentality.rip/termux-main stable main
[2026-06-26 22:29:32] [UNOFFICIAL] [FAIL] deb https://termux.mentality.rip/termux-root root stable
[2026-06-26 22:29:32] [UNOFFICIAL] [FAIL] deb https://termux.mentality.rip/termux-x11 x11 main
[2026-06-26 22:29:32] [UNOFFICIAL] [FAIL] deb https://termux.sourceforge.io/termux-packages-24 stable main
[2026-06-26 22:29:32] [UNOFFICIAL] [FAIL] deb https://termux.sourceforge.io/termux-root-24 root stable
[2026-06-26 22:29:32] [UNOFFICIAL] [FAIL] deb https://termux.sourceforge.io/termux-x11-24 x11 main
[2026-06-26 22:29:32] [UNOFFICIAL] [FAIL] deb https://mirror.bardia.tech/termux/termux-main stable main
[2026-06-26 22:29:32] [UNOFFICIAL] [FAIL] deb https://mirror.bardia.tech/termux/termux-root root stable
[2026-06-26 22:29:32] [UNOFFICIAL] [FAIL] deb https://mirror.bardia.tech/termux/termux-x11 x11 main
[2026-06-26 22:29:32] [UNOFFICIAL] [OK] deb https://tur.kcubeterm.com tur-packages tur tur-on-device tur-continuous
[2026-06-26 22:29:32] [UNOFFICIAL] [OK] deb https://packages-cf.termux.dev/apt/termux-glibc glibc stable
[2026-06-26 22:29:32] [UNOFFICIAL] [OK] deb https://mirrors.ocf.berkeley.edu/termux/termux-main stable main
[2026-06-26 22:29:32] [UNOFFICIAL] [OK] deb https://mirrors.ocf.berkeley.edu/termux/termux-root root stable
[2026-06-26 22:29:32] [UNOFFICIAL] [OK] deb https://mirrors.ocf.berkeley.edu/termux/termux-x11 x11 stable
[2026-06-26 22:29:32] [OFFICIAL] [OK] deb https://packages.termux.dev/apt/termux-main stable main
[2026-06-26 22:29:32] [OFFICIAL] [OK] deb https://packages.termux.dev/apt/termux-root root stable
[2026-06-26 22:29:32] [OFFICIAL] [OK] deb https://packages.termux.dev/apt/termux-x11 x11 main
[2026-06-26 22:29:32] [OFFICIAL] [OK] deb https://packages-cf.termux.dev/apt/termux-main stable main
[2026-06-26 22:29:32] [OFFICIAL] [OK] deb https://packages-cf.termux.dev/apt/termux-root root stable
[2026-06-26 22:29:32] [OFFICIAL] [OK] deb https://packages-cf.termux.dev/apt/termux-x11 x11 main
[2026-06-26 22:29:32] [OFFICIAL] [OK] deb https://linux.domainesia.com/applications/termux/termux-main stable main
[2026-06-26 22:29:32] [OFFICIAL] [OK] deb https://linux.domainesia.com/applications/termux/termux-root root stable
[2026-06-26 22:29:32] [OFFICIAL] [OK] deb https://linux.domainesia.com/applications/termux/termux-x11 x11 main
[2026-06-26 22:29:32] [OFFICIAL] [OK] deb https://mirror.freedif.org/termux/termux-main stable main
[2026-06-26 22:29:32] [OFFICIAL] [OK] deb https://mirror.freedif.org/termux/termux-root root stable
[2026-06-26 22:29:32] [OFFICIAL] [OK] deb https://mirror.freedif.org/termux/termux-x11 x11 main
[2026-06-26 22:29:32] [OFFICIAL] [OK] deb https://mirror.jeonnam.school/termux/termux-main stable main
[2026-06-26 22:29:32] [OFFICIAL] [OK] deb https://mirror.jeonnam.school/termux/termux-root root stable
[2026-06-26 22:29:32] [OFFICIAL] [OK] deb https://mirror.jeonnam.school/termux/termux-x11 x11 main
[2026-06-26 22:29:32] [OFFICIAL] [FAIL] deb https://mirror.meowsmp.net/termux/termux-main stable main
[2026-06-26 22:29:32] [OFFICIAL] [FAIL] deb https://mirror.meowsmp.net/termux/termux-root root stable
[2026-06-26 22:29:32] [OFFICIAL] [FAIL] deb https://mirror.meowsmp.net/termux/termux-x11 x11 main
[2026-06-26 22:29:32] [OFFICIAL] [OK] deb https://mirror.nag.albony.in/termux/termux-main stable main
[2026-06-26 22:29:32] [OFFICIAL] [OK] deb https://mirror.nag.albony.in/termux/termux-root root stable
[2026-06-26 22:29:32] [OFFICIAL] [OK] deb https://mirror.nag.albony.in/termux/termux-x11 x11 main
[2026-06-26 22:29:32] [OFFICIAL] [OK] deb https://mirror.nevacloud.com/applications/termux/termux-main stable main
[2026-06-26 22:29:32] [OFFICIAL] [OK] deb https://mirror.nevacloud.com/applications/termux/termux-root root stable
[2026-06-26 22:29:32] [OFFICIAL] [OK] deb https://mirror.nevacloud.com/applications/termux/termux-x11 x11 main
[2026-06-26 22:29:32] [OFFICIAL] [OK] deb https://mirror.rinarin.dev/termux/termux-main stable main
[2026-06-26 22:29:32] [OFFICIAL] [OK] deb https://mirror.rinarin.dev/termux/termux-root root stable
[2026-06-26 22:29:32] [OFFICIAL] [OK] deb https://mirror.rinarin.dev/termux/termux-x11 x11 main
[2026-06-26 22:29:32] [OFFICIAL] [OK] deb https://mirror.twds.com.tw/termux/termux-main stable main
[2026-06-26 22:29:32] [OFFICIAL] [OK] deb https://mirror.twds.com.tw/termux/termux-root root stable
[2026-06-26 22:29:32] [OFFICIAL] [OK] deb https://mirror.twds.com.tw/termux/termux-x11 x11 main
[2026-06-26 22:29:32] [OFFICIAL] [OK] deb https://mirrors.cbrx.io/apt/termux/termux-main stable main
[2026-06-26 22:29:32] [OFFICIAL] [OK] deb https://mirrors.cbrx.io/apt/termux/termux-root root stable
[2026-06-26 22:29:32] [OFFICIAL] [OK] deb https://mirrors.cbrx.io/apt/termux/termux-x11 x11 main
[2026-06-26 22:29:32] [OFFICIAL] [OK] deb https://mirrors.in.sahilister.net/termux/termux-main stable main
[2026-06-26 22:29:32] [OFFICIAL] [OK] deb https://mirrors.in.sahilister.net/termux/termux-root root stable
[2026-06-26 22:29:32] [OFFICIAL] [OK] deb https://mirrors.in.sahilister.net/termux/termux-x11 x11 main
[2026-06-26 22:29:32] [OFFICIAL] [OK] deb https://mirrors.krnk.org/apt/termux/termux-main stable main
[2026-06-26 22:29:32] [OFFICIAL] [OK] deb https://mirrors.krnk.org/apt/termux/termux-root root stable
[2026-06-26 22:29:32] [OFFICIAL] [OK] deb https://mirrors.krnk.org/apt/termux/termux-x11 x11 main
[2026-06-26 22:29:32] [OFFICIAL] [OK] deb https://mirrors.nguyenhoang.cloud/termux/termux-main stable main
[2026-06-26 22:29:32] [OFFICIAL] [OK] deb https://mirrors.nguyenhoang.cloud/termux/termux-root root stable
[2026-06-26 22:29:32] [OFFICIAL] [OK] deb https://mirrors.nguyenhoang.cloud/termux/termux-x11 x11 main
[2026-06-26 22:29:32] [OFFICIAL] [OK] deb https://mirrors.ravidwivedi.in/termux/termux-main stable main
[2026-06-26 22:29:32] [OFFICIAL] [OK] deb https://mirrors.ravidwivedi.in/termux/termux-root root stable
[2026-06-26 22:29:32] [OFFICIAL] [OK] deb https://mirrors.ravidwivedi.in/termux/termux-x11 x11 main
[2026-06-26 22:29:32] [OFFICIAL] [OK] deb https://mirrors.saswata.cc/termux/termux-main stable main
[2026-06-26 22:29:32] [OFFICIAL] [OK] deb https://mirrors.saswata.cc/termux/termux-root root stable
[2026-06-26 22:29:32] [OFFICIAL] [OK] deb https://mirrors.saswata.cc/termux/termux-x11 x11 main
[2026-06-26 22:29:32] [OFFICIAL] [OK] deb https://termux.niranjan.co/termux-main stable main
[2026-06-26 22:29:32] [OFFICIAL] [OK] deb https://termux.niranjan.co/termux-root root stable
[2026-06-26 22:29:32] [OFFICIAL] [OK] deb https://termux.niranjan.co/termux-x11 x11 main
[2026-06-26 22:29:32] [OFFICIAL] [OK] deb https://tmx.xvx.my.id/apt/termux-main stable main
[2026-06-26 22:29:32] [OFFICIAL] [OK] deb https://tmx.xvx.my.id/apt/termux-root root stable
[2026-06-26 22:29:32] [OFFICIAL] [OK] deb https://tmx.xvx.my.id/apt/termux-x11 x11 main
[2026-06-26 22:29:32] [OFFICIAL] [OK] deb https://mirror.iscas.ac.cn/termux/apt/termux-main stable main
[2026-06-26 22:29:32] [OFFICIAL] [OK] deb https://mirror.iscas.ac.cn/termux/apt/termux-root root stable
[2026-06-26 22:29:32] [OFFICIAL] [OK] deb https://mirror.iscas.ac.cn/termux/apt/termux-x11 x11 main
[2026-06-26 22:29:32] [OFFICIAL] [OK] deb https://mirror.nyist.edu.cn/termux/apt/termux-main stable main
[2026-06-26 22:29:32] [OFFICIAL] [OK] deb https://mirror.nyist.edu.cn/termux/apt/termux-root root stable
[2026-06-26 22:29:32] [OFFICIAL] [OK] deb https://mirror.nyist.edu.cn/termux/apt/termux-x11 x11 main
[2026-06-26 22:29:32] [OFFICIAL] [OK] deb https://mirror.sjtu.edu.cn/termux/termux-main stable main
[2026-06-26 22:29:32] [OFFICIAL] [OK] deb https://mirror.sjtu.edu.cn/termux/termux-root root stable
[2026-06-26 22:29:32] [OFFICIAL] [OK] deb https://mirror.sjtu.edu.cn/termux/termux-x11 x11 main
[2026-06-26 22:29:32] [OFFICIAL] [OK] deb https://mirrors.aliyun.com/termux/termux-main stable main
[2026-06-26 22:29:32] [OFFICIAL] [OK] deb https://mirrors.aliyun.com/termux/termux-root root stable
[2026-06-26 22:29:32] [OFFICIAL] [OK] deb https://mirrors.aliyun.com/termux/termux-x11 x11 main
[2026-06-26 22:29:32] [OFFICIAL] [OK] deb https://mirrors.bfsu.edu.cn/termux/apt/termux-main stable main
[2026-06-26 22:29:32] [OFFICIAL] [OK] deb https://mirrors.bfsu.edu.cn/termux/apt/termux-root root stable
[2026-06-26 22:29:32] [OFFICIAL] [OK] deb https://mirrors.bfsu.edu.cn/termux/apt/termux-x11 x11 main
[2026-06-26 22:29:32] [OFFICIAL] [OK] deb https://mirrors.cernet.edu.cn/termux/apt/termux-main stable main
[2026-06-26 22:29:32] [OFFICIAL] [OK] deb https://mirrors.cernet.edu.cn/termux/apt/termux-root root stable
[2026-06-26 22:29:32] [OFFICIAL] [OK] deb https://mirrors.cernet.edu.cn/termux/apt/termux-x11 x11 main
[2026-06-26 22:29:32] [OFFICIAL] [OK] deb https://mirrors.cqupt.edu.cn/termux/termux-main stable main
[2026-06-26 22:29:32] [OFFICIAL] [OK] deb https://mirrors.cqupt.edu.cn/termux/termux-root root stable
[2026-06-26 22:29:32] [OFFICIAL] [OK] deb https://mirrors.cqupt.edu.cn/termux/termux-x11 x11 main
[2026-06-26 22:29:32] [OFFICIAL] [OK] deb https://mirrors.hust.edu.cn/termux/apt/termux-main stable main
[2026-06-26 22:29:32] [OFFICIAL] [OK] deb https://mirrors.hust.edu.cn/termux/apt/termux-root root stable
[2026-06-26 22:29:32] [OFFICIAL] [OK] deb https://mirrors.hust.edu.cn/termux/apt/termux-x11 x11 main
[2026-06-26 22:29:32] [OFFICIAL] [OK] deb https://mirrors.nju.edu.cn/termux/apt/termux-main stable main
[2026-06-26 22:29:32] [OFFICIAL] [OK] deb https://mirrors.nju.edu.cn/termux/apt/termux-root root stable
[2026-06-26 22:29:32] [OFFICIAL] [OK] deb https://mirrors.nju.edu.cn/termux/apt/termux-x11 x11 main
[2026-06-26 22:29:32] [OFFICIAL] [OK] deb https://mirrors.pku.edu.cn/termux/termux-main stable main
[2026-06-26 22:29:32] [OFFICIAL] [OK] deb https://mirrors.pku.edu.cn/termux/termux-root root stable
[2026-06-26 22:29:32] [OFFICIAL] [OK] deb https://mirrors.pku.edu.cn/termux/termux-x11 x11 main
[2026-06-26 22:29:32] [OFFICIAL] [OK] deb https://mirrors.sau.edu.cn/termux/apt/termux-main stable main
[2026-06-26 22:29:32] [OFFICIAL] [OK] deb https://mirrors.sau.edu.cn/termux/apt/termux-root root stable
[2026-06-26 22:29:32] [OFFICIAL] [OK] deb https://mirrors.sau.edu.cn/termux/apt/termux-x11 x11 main
[2026-06-26 22:29:32] [OFFICIAL] [OK] deb https://mirrors.sdu.edu.cn/termux/termux-main stable main
[2026-06-26 22:29:32] [OFFICIAL] [OK] deb https://mirrors.sdu.edu.cn/termux/termux-root root stable
[2026-06-26 22:29:32] [OFFICIAL] [OK] deb https://mirrors.sdu.edu.cn/termux/termux-x11 x11 main
[2026-06-26 22:29:32] [OFFICIAL] [OK] deb https://mirrors.sustech.edu.cn/termux/apt/termux-main stable main
[2026-06-26 22:29:32] [OFFICIAL] [OK] deb https://mirrors.sustech.edu.cn/termux/apt/termux-root root stable
[2026-06-26 22:29:32] [OFFICIAL] [OK] deb https://mirrors.sustech.edu.cn/termux/apt/termux-x11 x11 main
[2026-06-26 22:29:32] [OFFICIAL] [OK] deb https://mirrors.tuna.tsinghua.edu.cn/termux/apt/termux-main stable main
[2026-06-26 22:29:32] [OFFICIAL] [OK] deb https://mirrors.tuna.tsinghua.edu.cn/termux/apt/termux-root root stable
[2026-06-26 22:29:32] [OFFICIAL] [OK] deb https://mirrors.tuna.tsinghua.edu.cn/termux/apt/termux-x11 x11 main
[2026-06-26 22:29:32] [OFFICIAL] [OK] deb https://mirrors.ustc.edu.cn/termux/termux-main stable main
[2026-06-26 22:29:32] [OFFICIAL] [OK] deb https://mirrors.ustc.edu.cn/termux/termux-root root stable
[2026-06-26 22:29:32] [OFFICIAL] [OK] deb https://mirrors.ustc.edu.cn/termux/termux-x11 x11 main
[2026-06-26 22:29:32] [OFFICIAL] [OK] deb https://mirrors.zju.edu.cn/termux/apt/termux-main stable main
[2026-06-26 22:29:32] [OFFICIAL] [OK] deb https://mirrors.zju.edu.cn/termux/apt/termux-root root stable
[2026-06-26 22:29:32] [OFFICIAL] [OK] deb https://mirrors.zju.edu.cn/termux/apt/termux-x11 x11 main
[2026-06-26 22:29:32] [OFFICIAL] [OK] deb https://ftp.agdsn.de/termux/termux-main stable main
[2026-06-26 22:29:32] [OFFICIAL] [OK] deb https://ftp.agdsn.de/termux/termux-root root stable
[2026-06-26 22:29:32] [OFFICIAL] [OK] deb https://ftp.agdsn.de/termux/termux-x11 x11 main
[2026-06-26 22:29:32] [OFFICIAL] [OK] deb https://ftp.fau.de/termux/termux-main stable main
[2026-06-26 22:29:32] [OFFICIAL] [OK] deb https://ftp.fau.de/termux/termux-root root stable
[2026-06-26 22:29:32] [OFFICIAL] [OK] deb https://ftp.fau.de/termux/termux-x11 x11 main
[2026-06-26 22:29:32] [OFFICIAL] [OK] deb https://ftp.icm.edu.pl/pub/Linux/dist/termux/termux-main stable main
[2026-06-26 22:29:32] [OFFICIAL] [OK] deb https://ftp.icm.edu.pl/pub/Linux/dist/termux/termux-root root stable
[2026-06-26 22:29:32] [OFFICIAL] [OK] deb https://ftp.icm.edu.pl/pub/Linux/dist/termux/termux-x11 x11 main
[2026-06-26 22:29:32] [OFFICIAL] [OK] deb https://grimler.se/termux/termux-main stable main
[2026-06-26 22:29:32] [OFFICIAL] [OK] deb https://grimler.se/termux/termux-root root stable
[2026-06-26 22:29:32] [OFFICIAL] [OK] deb https://grimler.se/termux/termux-x11 x11 main
[2026-06-26 22:29:32] [OFFICIAL] [OK] deb https://is.mirror.flokinet.net/termux/termux-main stable main
[2026-06-26 22:29:32] [OFFICIAL] [OK] deb https://is.mirror.flokinet.net/termux/termux-root root stable
[2026-06-26 22:29:32] [OFFICIAL] [OK] deb https://is.mirror.flokinet.net/termux/termux-x11 x11 main
[2026-06-26 22:29:32] [OFFICIAL] [OK] deb https://md.mirrors.hacktegic.com/termux/termux-main stable main
[2026-06-26 22:29:32] [OFFICIAL] [OK] deb https://md.mirrors.hacktegic.com/termux/termux-root root stable
[2026-06-26 22:29:32] [OFFICIAL] [OK] deb https://md.mirrors.hacktegic.com/termux/termux-x11 x11 main
[2026-06-26 22:29:32] [OFFICIAL] [OK] deb https://mirror.accum.se/mirror/termux.dev/termux-main stable main
[2026-06-26 22:29:32] [OFFICIAL] [OK] deb https://mirror.accum.se/mirror/termux.dev/termux-root root stable
[2026-06-26 22:29:32] [OFFICIAL] [OK] deb https://mirror.accum.se/mirror/termux.dev/termux-x11 x11 main
[2026-06-26 22:29:32] [OFFICIAL] [OK] deb https://mirror.autkin.net/termux/termux-main stable main
[2026-06-26 22:29:32] [OFFICIAL] [OK] deb https://mirror.autkin.net/termux/termux-root root stable
[2026-06-26 22:29:32] [OFFICIAL] [OK] deb https://mirror.autkin.net/termux/termux-x11 x11 main
[2026-06-26 22:29:32] [OFFICIAL] [OK] deb https://mirror.bouwhuis.network/termux/termux-main stable main
[2026-06-26 22:29:32] [OFFICIAL] [OK] deb https://mirror.bouwhuis.network/termux/termux-root root stable
[2026-06-26 22:29:32] [OFFICIAL] [OK] deb https://mirror.bouwhuis.network/termux/termux-x11 x11 main
[2026-06-26 22:29:32] [OFFICIAL] [OK] deb https://mirror.cutie.dating/termux/termux-main stable main
[2026-06-26 22:29:32] [OFFICIAL] [OK] deb https://mirror.cutie.dating/termux/termux-root root stable
[2026-06-26 22:29:32] [OFFICIAL] [OK] deb https://mirror.cutie.dating/termux/termux-x11 x11 main
[2026-06-26 22:29:32] [OFFICIAL] [OK] deb https://mirror.leitecastro.com/termux/termux-main stable main
[2026-06-26 22:29:32] [OFFICIAL] [OK] deb https://mirror.leitecastro.com/termux/termux-root root stable
[2026-06-26 22:29:32] [OFFICIAL] [OK] deb https://mirror.leitecastro.com/termux/termux-x11 x11 main
[2026-06-26 22:29:32] [OFFICIAL] [OK] deb https://mirror.sunred.org/termux/termux-main stable main
[2026-06-26 22:29:32] [OFFICIAL] [OK] deb https://mirror.sunred.org/termux/termux-root root stable
[2026-06-26 22:29:32] [OFFICIAL] [OK] deb https://mirror.sunred.org/termux/termux-x11 x11 main
[2026-06-26 22:29:32] [OFFICIAL] [OK] deb https://mirrors.de.sahilister.net/termux/termux-main stable main
[2026-06-26 22:29:32] [OFFICIAL] [OK] deb https://mirrors.de.sahilister.net/termux/termux-root root stable
[2026-06-26 22:29:32] [OFFICIAL] [OK] deb https://mirrors.de.sahilister.net/termux/termux-x11 x11 main
[2026-06-26 22:29:32] [OFFICIAL] [OK] deb https://mirrors.medzik.dev/termux/termux-main stable main
[2026-06-26 22:29:32] [OFFICIAL] [OK] deb https://mirrors.medzik.dev/termux/termux-root root stable
[2026-06-26 22:29:32] [OFFICIAL] [OK] deb https://mirrors.medzik.dev/termux/termux-x11 x11 main
[2026-06-26 22:29:32] [OFFICIAL] [OK] deb https://nl.mirror.flokinet.net/termux/termux-main stable main
[2026-06-26 22:29:32] [OFFICIAL] [OK] deb https://nl.mirror.flokinet.net/termux/termux-root root stable
[2026-06-26 22:29:32] [OFFICIAL] [OK] deb https://nl.mirror.flokinet.net/termux/termux-x11 x11 main
[2026-06-26 22:29:32] [OFFICIAL] [OK] deb https://ro.mirror.flokinet.net/termux/termux-main stable main
[2026-06-26 22:29:32] [OFFICIAL] [OK] deb https://ro.mirror.flokinet.net/termux/termux-root root stable
[2026-06-26 22:29:32] [OFFICIAL] [OK] deb https://ro.mirror.flokinet.net/termux/termux-x11 x11 main
[2026-06-26 22:29:32] [OFFICIAL] [OK] deb https://termux.3san.dev/termux/termux-main stable main
[2026-06-26 22:29:32] [OFFICIAL] [OK] deb https://termux.3san.dev/termux/termux-root root stable
[2026-06-26 22:29:32] [OFFICIAL] [OK] deb https://termux.3san.dev/termux/termux-x11 x11 main
[2026-06-26 22:29:32] [OFFICIAL] [OK] deb https://termux.cdn.lumito.net/termux-main stable main
[2026-06-26 22:29:32] [OFFICIAL] [OK] deb https://termux.cdn.lumito.net/termux-root root stable
[2026-06-26 22:29:32] [OFFICIAL] [OK] deb https://termux.cdn.lumito.net/termux-x11 x11 main
[2026-06-26 22:29:32] [OFFICIAL] [OK] deb https://termux.librehat.com/apt/termux-main stable main
[2026-06-26 22:29:32] [OFFICIAL] [OK] deb https://termux.librehat.com/apt/termux-root root stable
[2026-06-26 22:29:32] [OFFICIAL] [OK] deb https://termux.librehat.com/apt/termux-x11 x11 main
[2026-06-26 22:29:32] [OFFICIAL] [OK] deb https://gnlug.org/pub/termux/termux-main stable main
[2026-06-26 22:29:32] [OFFICIAL] [OK] deb https://gnlug.org/pub/termux/termux-root root stable
[2026-06-26 22:29:32] [OFFICIAL] [OK] deb https://gnlug.org/pub/termux/termux-x11 x11 main
[2026-06-26 22:29:32] [OFFICIAL] [OK] deb https://mirror.csclub.uwaterloo.ca/termux/termux-main stable main
[2026-06-26 22:29:32] [OFFICIAL] [OK] deb https://mirror.csclub.uwaterloo.ca/termux/termux-root root stable
[2026-06-26 22:29:32] [OFFICIAL] [OK] deb https://mirror.csclub.uwaterloo.ca/termux/termux-x11 x11 main
[2026-06-26 22:29:32] [OFFICIAL] [OK] deb https://mirror.fcix.net/termux/termux-main stable main
[2026-06-26 22:29:32] [OFFICIAL] [OK] deb https://mirror.fcix.net/termux/termux-root root stable
[2026-06-26 22:29:32] [OFFICIAL] [OK] deb https://mirror.fcix.net/termux/termux-x11 x11 main
[2026-06-26 22:29:32] [OFFICIAL] [OK] deb https://mirror.mwt.me/termux/main stable main
[2026-06-26 22:29:32] [OFFICIAL] [OK] deb https://mirror.mwt.me/termux/root root stable
[2026-06-26 22:29:32] [OFFICIAL] [OK] deb https://mirror.mwt.me/termux/x11 x11 main
[2026-06-26 22:29:32] [OFFICIAL] [OK] deb https://mirror.quantum5.ca/termux/termux-main stable main
[2026-06-26 22:29:32] [OFFICIAL] [OK] deb https://mirror.quantum5.ca/termux/termux-root root stable
[2026-06-26 22:29:32] [OFFICIAL] [OK] deb https://mirror.quantum5.ca/termux/termux-x11 x11 main
[2026-06-26 22:29:32] [OFFICIAL] [OK] deb https://mirror.vern.cc/termux/termux-main stable main
[2026-06-26 22:29:32] [OFFICIAL] [OK] deb https://mirror.vern.cc/termux/termux-root root stable
[2026-06-26 22:29:32] [OFFICIAL] [OK] deb https://mirror.vern.cc/termux/termux-x11 x11 main
[2026-06-26 22:29:32] [OFFICIAL] [OK] deb https://mirrors.utermux.dev/termux/termux-main stable main
[2026-06-26 22:29:32] [OFFICIAL] [OK] deb https://mirrors.utermux.dev/termux/termux-root root stable
[2026-06-26 22:29:32] [OFFICIAL] [OK] deb https://mirrors.utermux.dev/termux/termux-x11 x11 main
[2026-06-26 22:29:32] [OFFICIAL] [OK] deb https://plug-mirror.rcac.purdue.edu/termux/termux-main stable main
[2026-06-26 22:29:32] [OFFICIAL] [OK] deb https://plug-mirror.rcac.purdue.edu/termux/termux-root root stable
[2026-06-26 22:29:32] [OFFICIAL] [OK] deb https://plug-mirror.rcac.purdue.edu/termux/termux-x11 x11 main
[2026-06-26 22:29:32] [OFFICIAL] [OK] deb https://termux.danyael.xyz/termux/termux-main stable main
[2026-06-26 22:29:32] [OFFICIAL] [OK] deb https://termux.danyael.xyz/termux/termux-root root stable
[2026-06-26 22:29:32] [OFFICIAL] [OK] deb https://termux.danyael.xyz/termux/termux-x11 x11 main
[2026-06-26 22:29:32] [OFFICIAL] [OK] deb https://mirrors.middlendian.com/termux/termux-main stable main
[2026-06-26 22:29:32] [OFFICIAL] [OK] deb https://mirrors.middlendian.com/termux/termux-root root stable
[2026-06-26 22:29:32] [OFFICIAL] [OK] deb https://mirrors.middlendian.com/termux/termux-x11 x11 main
[2026-06-26 22:29:32] [OFFICIAL] [OK] deb http://mirror.mephi.ru/termux/termux-main stable main
[2026-06-26 22:29:32] [OFFICIAL] [OK] deb http://mirror.mephi.ru/termux/termux-root root stable
[2026-06-26 22:29:32] [OFFICIAL] [OK] deb http://mirror.mephi.ru/termux/termux-x11 x11 main
[2026-06-26 22:29:32] [OFFICIAL] [OK] deb https://repository.su/termux/termux-main stable main
[2026-06-26 22:29:32] [OFFICIAL] [OK] deb https://repository.su/termux/termux-root root stable
[2026-06-26 22:29:32] [OFFICIAL] [OK] deb https://repository.su/termux/termux-x11 x11 main
[2026-06-26 22:29:32] [SUMMARY] [OK] official=192 unofficial=14 total=206
